::1 - - [05/Sep/2018:11:52:13 +0700] "GET / HTTP/1.1" 200 49763
::1 - - [05/Sep/2018:11:52:16 +0700] "GET / HTTP/1.1" 200 49763
::1 - - [05/Sep/2018:11:52:16 +0700] "GET /bower_components/bootstrap/dist/css/bootstrap.min.css HTTP/1.1" 304 -
::1 - - [05/Sep/2018:11:52:16 +0700] "GET /bower_components/jvectormap/jquery-jvectormap.css HTTP/1.1" 304 -
::1 - - [05/Sep/2018:11:52:16 +0700] "GET /dist/css/skins/_all-skins.min.css HTTP/1.1" 304 -
::1 - - [05/Sep/2018:11:52:16 +0700] "GET /bower_components/jquery/dist/jquery.min.js HTTP/1.1" 304 -
::1 - - [05/Sep/2018:11:52:16 +0700] "GET /bower_components/bootstrap/dist/js/bootstrap.min.js HTTP/1.1" 304 -
::1 - - [05/Sep/2018:11:52:16 +0700] "GET /bower_components/font-awesome/css/font-awesome.min.css HTTP/1.1" 304 -
::1 - - [05/Sep/2018:11:52:16 +0700] "GET /bower_components/Ionicons/css/ionicons.min.css HTTP/1.1" 304 -
::1 - - [05/Sep/2018:11:52:16 +0700] "GET /dist/css/AdminLTE.min.css HTTP/1.1" 304 -
::1 - - [05/Sep/2018:11:52:16 +0700] "GET /bower_components/fastclick/lib/fastclick.js HTTP/1.1" 304 -
::1 - - [05/Sep/2018:11:52:16 +0700] "GET /dist/js/adminlte.min.js HTTP/1.1" 304 -
::1 - - [05/Sep/2018:11:52:16 +0700] "GET /bower_components/jquery-sparkline/dist/jquery.sparkline.min.js HTTP/1.1" 304 -
::1 - - [05/Sep/2018:11:52:16 +0700] "GET /plugins/jvectormap/jquery-jvectormap-1.2.2.min.js HTTP/1.1" 304 -
::1 - - [05/Sep/2018:11:52:16 +0700] "GET /plugins/jvectormap/jquery-jvectormap-world-mill-en.js HTTP/1.1" 304 -
::1 - - [05/Sep/2018:11:52:16 +0700] "GET /bower_components/jquery-slimscroll/jquery.slimscroll.min.js HTTP/1.1" 304 -
::1 - - [05/Sep/2018:11:52:16 +0700] "GET /bower_components/chart.js/Chart.js HTTP/1.1" 304 -
::1 - - [05/Sep/2018:11:52:16 +0700] "GET /dist/js/pages/dashboard2.js HTTP/1.1" 304 -
::1 - - [05/Sep/2018:11:52:16 +0700] "GET /dist/js/demo.js HTTP/1.1" 304 -
::1 - - [05/Sep/2018:11:52:16 +0700] "GET /dist/img/user2-160x160.jpg HTTP/1.1" 304 -
::1 - - [05/Sep/2018:11:52:16 +0700] "GET /dist/img/user3-128x128.jpg HTTP/1.1" 304 -
::1 - - [05/Sep/2018:11:52:16 +0700] "GET /dist/img/user4-128x128.jpg HTTP/1.1" 304 -
::1 - - [05/Sep/2018:11:52:17 +0700] "GET / HTTP/1.1" 200 49763
::1 - - [05/Sep/2018:11:52:17 +0700] "GET /bower_components/bootstrap/dist/css/bootstrap.min.css HTTP/1.1" 304 -
::1 - - [05/Sep/2018:11:52:17 +0700] "GET /dist/css/skins/_all-skins.min.css HTTP/1.1" 304 -
::1 - - [05/Sep/2018:11:52:17 +0700] "GET /bower_components/Ionicons/css/ionicons.min.css HTTP/1.1" 304 -
::1 - - [05/Sep/2018:11:52:17 +0700] "GET /bower_components/font-awesome/css/font-awesome.min.css HTTP/1.1" 304 -
::1 - - [05/Sep/2018:11:52:17 +0700] "GET /bower_components/jvectormap/jquery-jvectormap.css HTTP/1.1" 304 -
::1 - - [05/Sep/2018:11:52:17 +0700] "GET /bower_components/jquery/dist/jquery.min.js HTTP/1.1" 304 -
::1 - - [05/Sep/2018:11:52:17 +0700] "GET /bower_components/bootstrap/dist/js/bootstrap.min.js HTTP/1.1" 304 -
::1 - - [05/Sep/2018:11:52:17 +0700] "GET /bower_components/fastclick/lib/fastclick.js HTTP/1.1" 304 -
::1 - - [05/Sep/2018:11:52:17 +0700] "GET /dist/js/adminlte.min.js HTTP/1.1" 304 -
::1 - - [05/Sep/2018:11:52:17 +0700] "GET /bower_components/jquery-sparkline/dist/jquery.sparkline.min.js HTTP/1.1" 304 -
::1 - - [05/Sep/2018:11:52:17 +0700] "GET /plugins/jvectormap/jquery-jvectormap-1.2.2.min.js HTTP/1.1" 304 -
::1 - - [05/Sep/2018:11:52:17 +0700] "GET /plugins/jvectormap/jquery-jvectormap-world-mill-en.js HTTP/1.1" 304 -
::1 - - [05/Sep/2018:11:52:17 +0700] "GET /bower_components/jquery-slimscroll/jquery.slimscroll.min.js HTTP/1.1" 304 -
::1 - - [05/Sep/2018:11:52:17 +0700] "GET /bower_components/chart.js/Chart.js HTTP/1.1" 304 -
::1 - - [05/Sep/2018:11:52:17 +0700] "GET /dist/js/pages/dashboard2.js HTTP/1.1" 304 -
::1 - - [05/Sep/2018:11:52:17 +0700] "GET /dist/js/demo.js HTTP/1.1" 304 -
::1 - - [05/Sep/2018:11:52:17 +0700] "GET /dist/css/AdminLTE.min.css HTTP/1.1" 304 -
::1 - - [05/Sep/2018:11:52:17 +0700] "GET /dist/img/user2-160x160.jpg HTTP/1.1" 304 -
::1 - - [05/Sep/2018:11:52:17 +0700] "GET /dist/img/user3-128x128.jpg HTTP/1.1" 304 -
::1 - - [05/Sep/2018:11:52:17 +0700] "GET /dist/img/user4-128x128.jpg HTTP/1.1" 304 -
::1 - - [05/Sep/2018:11:52:22 +0700] "GET /application/views/admin/barchart.php HTTP/1.1" 403 1067
::1 - - [05/Sep/2018:14:33:07 +0700] "GET / HTTP/1.1" 200 49763
::1 - - [05/Sep/2018:14:33:13 +0700] "GET /application/views/admin/barchart.php HTTP/1.1" 403 1067
::1 - - [05/Sep/2018:14:33:35 +0700] "GET / HTTP/1.1" 200 49763
::1 - - [05/Sep/2018:14:33:37 +0700] "GET / HTTP/1.1" 200 49763
::1 - - [05/Sep/2018:14:33:37 +0700] "GET /bower_components/bootstrap/dist/css/bootstrap.min.css HTTP/1.1" 304 -
::1 - - [05/Sep/2018:14:33:37 +0700] "GET /bower_components/Ionicons/css/ionicons.min.css HTTP/1.1" 304 -
::1 - - [05/Sep/2018:14:33:37 +0700] "GET /bower_components/font-awesome/css/font-awesome.min.css HTTP/1.1" 304 -
::1 - - [05/Sep/2018:14:33:37 +0700] "GET /bower_components/jvectormap/jquery-jvectormap.css HTTP/1.1" 304 -
::1 - - [05/Sep/2018:14:33:37 +0700] "GET /dist/css/AdminLTE.min.css HTTP/1.1" 304 -
::1 - - [05/Sep/2018:14:33:37 +0700] "GET /bower_components/jquery/dist/jquery.min.js HTTP/1.1" 304 -
::1 - - [05/Sep/2018:14:33:37 +0700] "GET /dist/css/skins/_all-skins.min.css HTTP/1.1" 304 -
::1 - - [05/Sep/2018:14:33:37 +0700] "GET /bower_components/bootstrap/dist/js/bootstrap.min.js HTTP/1.1" 304 -
::1 - - [05/Sep/2018:14:33:37 +0700] "GET /dist/js/adminlte.min.js HTTP/1.1" 304 -
::1 - - [05/Sep/2018:14:33:37 +0700] "GET /bower_components/fastclick/lib/fastclick.js HTTP/1.1" 304 -
::1 - - [05/Sep/2018:14:33:37 +0700] "GET /bower_components/jquery-sparkline/dist/jquery.sparkline.min.js HTTP/1.1" 304 -
::1 - - [05/Sep/2018:14:33:37 +0700] "GET /plugins/jvectormap/jquery-jvectormap-1.2.2.min.js HTTP/1.1" 304 -
::1 - - [05/Sep/2018:14:33:37 +0700] "GET /plugins/jvectormap/jquery-jvectormap-world-mill-en.js HTTP/1.1" 304 -
::1 - - [05/Sep/2018:14:33:37 +0700] "GET /bower_components/jquery-slimscroll/jquery.slimscroll.min.js HTTP/1.1" 304 -
::1 - - [05/Sep/2018:14:33:37 +0700] "GET /bower_components/chart.js/Chart.js HTTP/1.1" 304 -
::1 - - [05/Sep/2018:14:33:37 +0700] "GET /dist/js/demo.js HTTP/1.1" 304 -
::1 - - [05/Sep/2018:14:33:37 +0700] "GET /dist/js/pages/dashboard2.js HTTP/1.1" 304 -
::1 - - [05/Sep/2018:14:33:37 +0700] "GET /dist/img/user2-160x160.jpg HTTP/1.1" 304 -
::1 - - [05/Sep/2018:14:33:37 +0700] "GET /dist/img/user3-128x128.jpg HTTP/1.1" 304 -
::1 - - [05/Sep/2018:14:33:37 +0700] "GET /dist/img/user4-128x128.jpg HTTP/1.1" 304 -
::1 - - [05/Sep/2018:14:33:40 +0700] "GET /application/views/admin/barchart.php HTTP/1.1" 403 1067
::1 - - [05/Sep/2018:14:38:31 +0700] "GET /application/views/admin/barchart.php HTTP/1.1" 403 1067
::1 - - [05/Sep/2018:14:38:33 +0700] "GET /application/views/admin/barchart.php HTTP/1.1" 403 1067
::1 - - [05/Sep/2018:14:38:35 +0700] "GET / HTTP/1.1" 200 49763
::1 - - [05/Sep/2018:14:38:38 +0700] "GET /application/views/admin/barchart.php HTTP/1.1" 403 1067
::1 - - [05/Sep/2018:14:38:43 +0700] "GET / HTTP/1.1" 200 49763
::1 - - [05/Sep/2018:14:42:55 +0700] "GET / HTTP/1.1" 200 49763
::1 - - [05/Sep/2018:14:42:55 +0700] "GET /bower_components/bootstrap/dist/css/bootstrap.min.css HTTP/1.1" 304 -
::1 - - [05/Sep/2018:14:42:55 +0700] "GET /bower_components/font-awesome/css/font-awesome.min.css HTTP/1.1" 304 -
::1 - - [05/Sep/2018:14:42:55 +0700] "GET /bower_components/jvectormap/jquery-jvectormap.css HTTP/1.1" 304 -
::1 - - [05/Sep/2018:14:42:55 +0700] "GET /dist/css/AdminLTE.min.css HTTP/1.1" 304 -
::1 - - [05/Sep/2018:14:42:55 +0700] "GET /dist/css/skins/_all-skins.min.css HTTP/1.1" 304 -
::1 - - [05/Sep/2018:14:42:55 +0700] "GET /bower_components/jquery/dist/jquery.min.js HTTP/1.1" 304 -
::1 - - [05/Sep/2018:14:42:55 +0700] "GET /bower_components/bootstrap/dist/js/bootstrap.min.js HTTP/1.1" 304 -
::1 - - [05/Sep/2018:14:42:55 +0700] "GET /dist/js/adminlte.min.js HTTP/1.1" 304 -
::1 - - [05/Sep/2018:14:42:55 +0700] "GET /bower_components/jquery-slimscroll/jquery.slimscroll.min.js HTTP/1.1" 304 -
::1 - - [05/Sep/2018:14:42:55 +0700] "GET /bower_components/chart.js/Chart.js HTTP/1.1" 304 -
::1 - - [05/Sep/2018:14:42:55 +0700] "GET /dist/js/pages/dashboard2.js HTTP/1.1" 304 -
::1 - - [05/Sep/2018:14:42:55 +0700] "GET /dist/js/demo.js HTTP/1.1" 304 -
::1 - - [05/Sep/2018:14:42:55 +0700] "GET /bower_components/Ionicons/css/ionicons.min.css HTTP/1.1" 304 -
::1 - - [05/Sep/2018:14:42:55 +0700] "GET /bower_components/fastclick/lib/fastclick.js HTTP/1.1" 304 -
::1 - - [05/Sep/2018:14:42:55 +0700] "GET /bower_components/jquery-sparkline/dist/jquery.sparkline.min.js HTTP/1.1" 304 -
::1 - - [05/Sep/2018:14:42:55 +0700] "GET /plugins/jvectormap/jquery-jvectormap-world-mill-en.js HTTP/1.1" 304 -
::1 - - [05/Sep/2018:14:42:55 +0700] "GET /plugins/jvectormap/jquery-jvectormap-1.2.2.min.js HTTP/1.1" 304 -
::1 - - [05/Sep/2018:14:43:00 +0700] "GET /dist/img/user2-160x160.jpg HTTP/1.1" 304 -
::1 - - [05/Sep/2018:14:43:00 +0700] "GET /dist/img/user4-128x128.jpg HTTP/1.1" 304 -
::1 - - [05/Sep/2018:14:43:00 +0700] "GET /dist/img/user3-128x128.jpg HTTP/1.1" 304 -
::1 - - [05/Sep/2018:14:43:07 +0700] "GET /application/views/admin/barchart.php HTTP/1.1" 403 1067
::1 - - [05/Sep/2018:14:44:11 +0700] "GET /application/views/admin/barchart.php HTTP/1.1" 403 1067
::1 - - [05/Sep/2018:14:44:15 +0700] "GET /application/views/admin/barchart.php HTTP/1.1" 403 1067
::1 - - [05/Sep/2018:14:44:15 +0700] "GET /application/views/admin/barchart.php HTTP/1.1" 403 1067
::1 - - [05/Sep/2018:14:52:38 +0700] "GET /application/views/admin/ HTTP/1.1" 403 1081
::1 - - [05/Sep/2018:14:52:43 +0700] "GET /application/views HTTP/1.1" 403 1067
::1 - - [05/Sep/2018:14:52:48 +0700] "GET / HTTP/1.1" 200 49763
::1 - - [05/Sep/2018:14:53:02 +0700] "GET /application/views/admin/barchart.php HTTP/1.1" 403 1067
::1 - - [05/Sep/2018:14:54:15 +0700] "GET /dasboar/license.txt HTTP/1.1" 404 1079
::1 - - [05/Sep/2018:14:54:33 +0700] "GET /dasboard/license.txt HTTP/1.1" 404 1079
::1 - - [05/Sep/2018:14:57:29 +0700] "GET /dasboardx/license.txt HTTP/1.1" 404 1079
::1 - - [05/Sep/2018:14:57:34 +0700] "GET /dasboardx/ HTTP/1.1" 404 1079
::1 - - [05/Sep/2018:14:57:42 +0700] "GET /dasboardx HTTP/1.1" 404 1079
::1 - - [05/Sep/2018:14:57:48 +0700] "GET /dasboardx/ HTTP/1.1" 404 1079
::1 - - [05/Sep/2018:15:02:36 +0700] "GET /dasboardx/ HTTP/1.1" 404 1079
::1 - - [05/Sep/2018:15:07:44 +0700] "GET /netops/ HTTP/1.1" 200 49765
::1 - - [05/Sep/2018:15:07:44 +0700] "GET /netops/bower_components/bootstrap/dist/css/bootstrap.min.css HTTP/1.1" 200 121205
::1 - - [05/Sep/2018:15:07:44 +0700] "GET /netops/bower_components/Ionicons/css/ionicons.min.css HTTP/1.1" 200 51295
::1 - - [05/Sep/2018:15:07:44 +0700] "GET /netops/bower_components/font-awesome/css/font-awesome.min.css HTTP/1.1" 200 31004
::1 - - [05/Sep/2018:15:07:44 +0700] "GET /netops/bower_components/jvectormap/jquery-jvectormap.css HTTP/1.1" 200 6769
::1 - - [05/Sep/2018:15:07:44 +0700] "GET /netops/dist/css/AdminLTE.min.css HTTP/1.1" 200 91481
::1 - - [05/Sep/2018:15:07:44 +0700] "GET /netops/dist/css/skins/_all-skins.min.css HTTP/1.1" 200 41583
::1 - - [05/Sep/2018:15:07:44 +0700] "GET /netops/dist/img/user2-160x160.jpg HTTP/1.1" 200 7070
::1 - - [05/Sep/2018:15:07:44 +0700] "GET /netops/dist/img/user3-128x128.jpg HTTP/1.1" 200 3511
::1 - - [05/Sep/2018:15:07:44 +0700] "GET /netops/dist/img/user4-128x128.jpg HTTP/1.1" 200 3477
::1 - - [05/Sep/2018:15:07:44 +0700] "GET /netops/bower_components/jquery/dist/jquery.min.js HTTP/1.1" 200 86929
::1 - - [05/Sep/2018:15:07:44 +0700] "GET /netops/bower_components/bootstrap/dist/js/bootstrap.min.js HTTP/1.1" 200 37051
::1 - - [05/Sep/2018:15:07:44 +0700] "GET /netops/bower_components/fastclick/lib/fastclick.js HTTP/1.1" 200 26806
::1 - - [05/Sep/2018:15:07:44 +0700] "GET /netops/dist/js/adminlte.min.js HTTP/1.1" 200 14491
::1 - - [05/Sep/2018:15:07:44 +0700] "GET /netops/bower_components/jquery-sparkline/dist/jquery.sparkline.min.js HTTP/1.1" 200 62652
::1 - - [05/Sep/2018:15:07:44 +0700] "GET /netops/plugins/jvectormap/jquery-jvectormap-1.2.2.min.js HTTP/1.1" 200 33330
::1 - - [05/Sep/2018:15:07:44 +0700] "GET /netops/plugins/jvectormap/jquery-jvectormap-world-mill-en.js HTTP/1.1" 200 144313
::1 - - [05/Sep/2018:15:07:44 +0700] "GET /netops/bower_components/jquery-slimscroll/jquery.slimscroll.min.js HTTP/1.1" 200 4739
::1 - - [05/Sep/2018:15:07:44 +0700] "GET /netops/dist/js/pages/dashboard2.js HTTP/1.1" 200 9881
::1 - - [05/Sep/2018:15:07:44 +0700] "GET /netops/dist/js/demo.js HTTP/1.1" 200 18962
::1 - - [05/Sep/2018:15:07:44 +0700] "GET /netops/bower_components/chart.js/Chart.js HTTP/1.1" 200 113088
::1 - - [05/Sep/2018:15:07:45 +0700] "GET /netops/bower_components/font-awesome/fonts/fontawesome-webfont.woff2?v=4.7.0 HTTP/1.1" 200 77160
::1 - - [05/Sep/2018:15:07:58 +0700] "GET /netops/index2.html HTTP/1.1" 404 1079
::1 - - [05/Sep/2018:15:08:19 +0700] "GET /netops/index2.html HTTP/1.1" 404 1079
::1 - - [05/Sep/2018:15:08:33 +0700] "GET /netops/index2.html HTTP/1.1" 404 1079
::1 - - [05/Sep/2018:15:08:36 +0700] "GET /netops/index2.html HTTP/1.1" 404 1079
::1 - - [05/Sep/2018:15:08:37 +0700] "GET /netops/index2.html HTTP/1.1" 404 1079
::1 - - [05/Sep/2018:15:08:57 +0700] "GET /netops/bower.json HTTP/1.1" 404 1079
::1 - - [05/Sep/2018:15:10:19 +0700] "GET /netops/starter.html HTTP/1.1" 404 1079
::1 - - [05/Sep/2018:15:10:35 +0700] "GET /ata HTTP/1.1" 404 1079
::1 - - [05/Sep/2018:15:10:39 +0700] "GET /ata/ HTTP/1.1" 404 1079
::1 - - [05/Sep/2018:15:10:57 +0700] "GET /ata/ HTTP/1.1" 404 1079
::1 - - [05/Sep/2018:15:10:58 +0700] "GET /ata/ HTTP/1.1" 404 1079
::1 - - [05/Sep/2018:15:11:26 +0700] "GET /ata/echo.txt HTTP/1.1" 404 1079
::1 - - [05/Sep/2018:15:13:46 +0700] "GET / HTTP/1.1" 200 49763
::1 - - [05/Sep/2018:15:13:51 +0700] "GET /application/views/admin/barchart.php HTTP/1.1" 403 1067
::1 - - [05/Sep/2018:15:17:43 +0700] "GET /application/views/admin/barchart.php HTTP/1.1" 403 1067
::1 - - [05/Sep/2018:21:04:13 +0700] "GET / HTTP/1.1" 200 49763
::1 - - [05/Sep/2018:21:04:14 +0700] "GET /favicon.ico HTTP/1.1" 404 1079
::1 - - [05/Sep/2018:21:04:27 +0700] "GET /application/views/admin/barchart.php HTTP/1.1" 403 1067
::1 - - [05/Sep/2018:21:04:54 +0700] "GET /phpmyadmin HTTP/1.1" 301 342
::1 - - [05/Sep/2018:21:04:54 +0700] "GET /phpmyadmin/ HTTP/1.1" 200 13152
::1 - - [05/Sep/2018:21:04:57 +0700] "GET /phpmyadmin/themes/pmahomme/jquery/jquery-ui.css HTTP/1.1" 200 36566
::1 - - [05/Sep/2018:21:04:57 +0700] "GET /phpmyadmin/themes/pmahomme/css/printview.css?v=4.8.2 HTTP/1.1" 200 2746
::1 - - [05/Sep/2018:21:04:57 +0700] "GET /phpmyadmin/js/vendor/codemirror/addon/lint/lint.css?v=4.8.2 HTTP/1.1" 200 2999
::1 - - [05/Sep/2018:21:04:57 +0700] "GET /phpmyadmin/js/vendor/codemirror/addon/hint/show-hint.css?v=4.8.2 HTTP/1.1" 200 623
::1 - - [05/Sep/2018:21:04:57 +0700] "GET /phpmyadmin/js/vendor/codemirror/lib/codemirror.css?v=4.8.2 HTTP/1.1" 200 8542
::1 - - [05/Sep/2018:21:04:57 +0700] "GET /phpmyadmin/favicon.ico HTTP/1.1" 200 22486
::1 - - [05/Sep/2018:21:04:58 +0700] "GET /phpmyadmin/js/ajax.js?v=4.8.2 HTTP/1.1" 200 31246
::1 - - [05/Sep/2018:21:04:58 +0700] "GET /phpmyadmin/js/vendor/jquery/jquery-migrate.js?v=4.8.2 HTTP/1.1" 200 17813
::1 - - [05/Sep/2018:21:04:58 +0700] "GET /phpmyadmin/js/vendor/jquery/jquery.min.js?v=4.8.2 HTTP/1.1" 200 86927
::1 - - [05/Sep/2018:21:04:58 +0700] "GET /phpmyadmin/js/vendor/js.cookie.js?v=4.8.2 HTTP/1.1" 200 3886
::1 - - [05/Sep/2018:21:04:58 +0700] "GET /phpmyadmin/js/keyhandler.js?v=4.8.2 HTTP/1.1" 200 3333
::1 - - [05/Sep/2018:21:04:58 +0700] "GET /phpmyadmin/js/vendor/jquery/jquery.mousewheel.js?v=4.8.2 HTTP/1.1" 200 8267
::1 - - [05/Sep/2018:21:04:58 +0700] "GET /phpmyadmin/js/vendor/sprintf.js?v=4.8.2 HTTP/1.1" 200 7387
::1 - - [05/Sep/2018:21:04:58 +0700] "GET /phpmyadmin/js/vendor/jquery/jquery-ui-timepicker-addon.js?v=4.8.2 HTTP/1.1" 200 78475
::1 - - [05/Sep/2018:21:04:58 +0700] "GET /phpmyadmin/js/vendor/jquery/jquery.ba-hashchange-1.3.js?v=4.8.2 HTTP/1.1" 200 16522
::1 - - [05/Sep/2018:21:04:58 +0700] "GET /phpmyadmin/js/vendor/jquery/jquery.validate.js?v=4.8.2 HTTP/1.1" 200 48696
::1 - - [05/Sep/2018:21:04:58 +0700] "GET /phpmyadmin/js/vendor/jquery/jquery.debounce-1.0.5.js?v=4.8.2 HTTP/1.1" 200 1169
::1 - - [05/Sep/2018:21:04:58 +0700] "GET /phpmyadmin/js/cross_framing_protection.js?v=4.8.2 HTTP/1.1" 200 471
::1 - - [05/Sep/2018:21:04:58 +0700] "GET /phpmyadmin/js/vendor/jquery/jquery.event.drag-2.2.js?v=4.8.2 HTTP/1.1" 200 12826
::1 - - [05/Sep/2018:21:04:58 +0700] "GET /phpmyadmin/js/vendor/jquery/jquery-ui.min.js?v=4.8.2 HTTP/1.1" 200 253681
::1 - - [05/Sep/2018:21:04:58 +0700] "GET /phpmyadmin/js/vendor/tracekit.js?v=4.8.2 HTTP/1.1" 200 45389
::1 - - [05/Sep/2018:21:04:58 +0700] "GET /phpmyadmin/js/menu-resizer.js?v=4.8.2 HTTP/1.1" 200 8318
::1 - - [05/Sep/2018:21:04:58 +0700] "GET /phpmyadmin/js/rte.js?v=4.8.2 HTTP/1.1" 200 47678
::1 - - [05/Sep/2018:21:04:58 +0700] "GET /phpmyadmin/js/error_report.js?v=4.8.2 HTTP/1.1" 200 10112
::1 - - [05/Sep/2018:21:04:58 +0700] "GET /phpmyadmin/js/doclinks.js?v=4.8.2 HTTP/1.1" 200 20643
::1 - - [05/Sep/2018:21:04:58 +0700] "GET /phpmyadmin/js/config.js?v=4.8.2 HTTP/1.1" 200 26929
::1 - - [05/Sep/2018:21:04:58 +0700] "GET /phpmyadmin/js/navigation.js?v=4.8.2 HTTP/1.1" 200 59816
::1 - - [05/Sep/2018:21:04:58 +0700] "GET /phpmyadmin/js/indexes.js?v=4.8.2 HTTP/1.1" 200 27371
::1 - - [05/Sep/2018:21:04:57 +0700] "GET /phpmyadmin/phpmyadmin.css.php?nocache=6042528900ltr&server=1 HTTP/1.1" 200 20687
::1 - - [05/Sep/2018:21:04:58 +0700] "GET /phpmyadmin/js/page_settings.js?v=4.8.2 HTTP/1.1" 200 1749
::1 - - [05/Sep/2018:21:04:58 +0700] "GET /phpmyadmin/js/shortcuts_handler.js?v=4.8.2 HTTP/1.1" 200 3264
::1 - - [05/Sep/2018:21:04:58 +0700] "GET /phpmyadmin/js/functions.js?v=4.8.2 HTTP/1.1" 200 173390
::1 - - [05/Sep/2018:21:04:58 +0700] "GET /phpmyadmin/js/common.js?v=4.8.2 HTTP/1.1" 200 19168
::1 - - [05/Sep/2018:21:04:58 +0700] "GET /phpmyadmin/js/vendor/codemirror/addon/hint/show-hint.js?v=4.8.2 HTTP/1.1" 200 15909
::1 - - [05/Sep/2018:21:04:58 +0700] "GET /phpmyadmin/js/vendor/codemirror/addon/runmode/runmode.js?v=4.8.2 HTTP/1.1" 200 2499
::1 - - [05/Sep/2018:21:04:58 +0700] "GET /phpmyadmin/js/vendor/codemirror/mode/sql/sql.js?v=4.8.2 HTTP/1.1" 200 45323
::1 - - [05/Sep/2018:21:04:58 +0700] "GET /phpmyadmin/js/messages.php?l=en&v=4.8.2&lang=en HTTP/1.1" 200 8822
::1 - - [05/Sep/2018:21:04:58 +0700] "GET /phpmyadmin/js/vendor/codemirror/addon/hint/sql-hint.js?v=4.8.2 HTTP/1.1" 200 9148
::1 - - [05/Sep/2018:21:04:58 +0700] "GET /phpmyadmin/js/whitelist.php?v=4.8.2&lang=en HTTP/1.1" 200 57
::1 - - [05/Sep/2018:21:04:58 +0700] "GET /phpmyadmin/js/vendor/codemirror/lib/codemirror.js?v=4.8.2 HTTP/1.1" 200 373234
::1 - - [05/Sep/2018:21:04:58 +0700] "GET /phpmyadmin/js/vendor/codemirror/addon/lint/lint.js?v=4.8.2 HTTP/1.1" 200 8609
::1 - - [05/Sep/2018:21:04:58 +0700] "GET /phpmyadmin/js/codemirror/addon/lint/sql-lint.js?v=4.8.2 HTTP/1.1" 200 1048
::1 - - [05/Sep/2018:21:04:58 +0700] "GET /phpmyadmin/js/console.js?v=4.8.2 HTTP/1.1" 200 57278
::1 - - [05/Sep/2018:21:04:58 +0700] "GET /phpmyadmin/themes/dot.gif HTTP/1.1" 200 43
::1 - - [05/Sep/2018:21:04:58 +0700] "GET /phpmyadmin/themes/pmahomme/img/logo_left.png HTTP/1.1" 200 2713
::1 - - [05/Sep/2018:21:04:58 +0700] "GET /phpmyadmin/themes/pmahomme/img/left_nav_bg.png HTTP/1.1" 200 146
::1 - - [05/Sep/2018:21:04:58 +0700] "GET /phpmyadmin/themes/pmahomme/img/b_docs.png HTTP/1.1" 200 705
::1 - - [05/Sep/2018:21:04:58 +0700] "GET /phpmyadmin/themes/pmahomme/img/b_sqlhelp.png HTTP/1.1" 200 512
::1 - - [05/Sep/2018:21:04:58 +0700] "GET /phpmyadmin/themes/pmahomme/img/s_reload.png HTTP/1.1" 200 527
::1 - - [05/Sep/2018:21:04:58 +0700] "GET /phpmyadmin/themes/pmahomme/img/s_cog.png HTTP/1.1" 200 442
::1 - - [05/Sep/2018:21:04:58 +0700] "GET /phpmyadmin/themes/pmahomme/img/s_link.png HTTP/1.1" 200 280
::1 - - [05/Sep/2018:21:04:58 +0700] "GET /phpmyadmin/themes/pmahomme/img/b_plus.png HTTP/1.1" 200 143
::1 - - [05/Sep/2018:21:04:58 +0700] "GET /phpmyadmin/themes/pmahomme/img/s_db.png HTTP/1.1" 200 328
::1 - - [05/Sep/2018:21:04:58 +0700] "GET /phpmyadmin/themes/pmahomme/img/s_host.png HTTP/1.1" 200 591
::1 - - [05/Sep/2018:21:04:58 +0700] "GET /phpmyadmin/themes/pmahomme/img/b_sql.png HTTP/1.1" 200 680
::1 - - [05/Sep/2018:21:04:58 +0700] "GET /phpmyadmin/themes/pmahomme/img/s_status.png HTTP/1.1" 200 600
::1 - - [05/Sep/2018:21:04:58 +0700] "GET /phpmyadmin/themes/pmahomme/img/s_rights.png HTTP/1.1" 200 461
::1 - - [05/Sep/2018:21:04:58 +0700] "GET /phpmyadmin/themes/pmahomme/img/b_home.png HTTP/1.1" 200 734
::1 - - [05/Sep/2018:21:04:58 +0700] "GET /phpmyadmin/themes/pmahomme/img/b_import.png HTTP/1.1" 200 556
::1 - - [05/Sep/2018:21:04:58 +0700] "GET /phpmyadmin/themes/pmahomme/img/b_export.png HTTP/1.1" 200 514
::1 - - [05/Sep/2018:21:04:58 +0700] "GET /phpmyadmin/themes/pmahomme/img/b_tblops.png HTTP/1.1" 200 537
::1 - - [05/Sep/2018:21:04:58 +0700] "GET /phpmyadmin/themes/pmahomme/img/s_loggoff.png HTTP/1.1" 200 626
::1 - - [05/Sep/2018:21:04:58 +0700] "GET /phpmyadmin/themes/pmahomme/img/s_asci.png HTTP/1.1" 200 148
::1 - - [05/Sep/2018:21:04:58 +0700] "GET /phpmyadmin/themes/pmahomme/img/s_vars.png HTTP/1.1" 200 523
::1 - - [05/Sep/2018:21:04:58 +0700] "GET /phpmyadmin/themes/pmahomme/img/b_newdb.png HTTP/1.1" 200 585
::1 - - [05/Sep/2018:21:04:58 +0700] "GET /phpmyadmin/themes/pmahomme/img/b_engine.png HTTP/1.1" 200 398
::1 - - [05/Sep/2018:21:04:58 +0700] "GET /phpmyadmin/themes/pmahomme/img/b_plugin.png HTTP/1.1" 200 512
::1 - - [05/Sep/2018:21:04:58 +0700] "GET /phpmyadmin/themes/pmahomme/img/console.png HTTP/1.1" 200 292
::1 - - [05/Sep/2018:21:04:58 +0700] "GET /phpmyadmin/themes/pmahomme/img/s_top.png HTTP/1.1" 200 220
::1 - - [05/Sep/2018:21:04:58 +0700] "GET /phpmyadmin/themes/pmahomme/img/s_replication.png HTTP/1.1" 200 399
::1 - - [05/Sep/2018:21:04:58 +0700] "GET /phpmyadmin/themes/pmahomme/img/b_help.png HTTP/1.1" 200 705
::1 - - [05/Sep/2018:21:04:58 +0700] "GET /phpmyadmin/themes/pmahomme/img/s_lang.png HTTP/1.1" 200 659
::1 - - [05/Sep/2018:21:04:58 +0700] "GET /phpmyadmin/themes/pmahomme/img/window-new.png HTTP/1.1" 200 468
::1 - - [05/Sep/2018:21:04:58 +0700] "GET /phpmyadmin/themes/pmahomme/img/s_theme.png HTTP/1.1" 200 772
::1 - - [05/Sep/2018:21:04:59 +0700] "POST /phpmyadmin/ajax.php HTTP/1.1" 200 1393
::1 - - [05/Sep/2018:21:04:59 +0700] "GET /phpmyadmin/themes/pmahomme/img/b_more.png HTTP/1.1" 200 111
::1 - - [05/Sep/2018:21:04:59 +0700] "POST /phpmyadmin/navigation.php?ajax_request=1&lang=en HTTP/1.1" 200 2047
::1 - - [05/Sep/2018:21:04:59 +0700] "POST /phpmyadmin/ajax.php HTTP/1.1" 200 1487
::1 - - [05/Sep/2018:21:04:59 +0700] "POST /phpmyadmin/ajax.php HTTP/1.1" 200 1385
::1 - - [05/Sep/2018:21:05:00 +0700] "POST /phpmyadmin/db_structure.php?ajax_request=1&favorite_table=1&sync_favorite_tables=1&lang=en HTTP/1.1" 200 143
::1 - - [05/Sep/2018:21:05:00 +0700] "POST /phpmyadmin/version_check.php HTTP/1.1" 200 64
::1 - - [05/Sep/2018:21:05:10 +0700] "GET /NetOps/Welcome HTTP/1.1" 404 1079
::1 - - [05/Sep/2018:21:05:14 +0700] "GET / HTTP/1.1" 200 49763
::1 - - [05/Sep/2018:21:05:54 +0700] "GET /bower_components/bootstrap/dist/css/bootstrap.min.css.map HTTP/1.1" 200 542194
::1 - - [05/Sep/2018:21:07:13 +0700] "GET /Data_table HTTP/1.1" 404 1079
::1 - - [05/Sep/2018:21:14:17 +0700] "GET / HTTP/1.1" 200 49763
::1 - - [05/Sep/2018:21:18:59 +0700] "GET / HTTP/1.1" 500 14887
::1 - - [05/Sep/2018:21:18:59 +0700] "GET /bower_components/bootstrap/dist/css/bootstrap.min.css HTTP/1.1" 304 -
::1 - - [05/Sep/2018:21:18:59 +0700] "GET /bower_components/font-awesome/css/font-awesome.min.css HTTP/1.1" 304 -
::1 - - [05/Sep/2018:21:18:59 +0700] "GET /dist/css/skins/_all-skins.min.css HTTP/1.1" 304 -
::1 - - [05/Sep/2018:21:18:59 +0700] "GET /bower_components/jvectormap/jquery-jvectormap.css HTTP/1.1" 304 -
::1 - - [05/Sep/2018:21:18:59 +0700] "GET /bower_components/Ionicons/css/ionicons.min.css HTTP/1.1" 304 -
::1 - - [05/Sep/2018:21:18:59 +0700] "GET /dist/css/AdminLTE.min.css HTTP/1.1" 304 -
::1 - - [05/Sep/2018:21:18:59 +0700] "GET /dist/img/user4-128x128.jpg HTTP/1.1" 304 -
::1 - - [05/Sep/2018:21:18:59 +0700] "GET /dist/img/user2-160x160.jpg HTTP/1.1" 304 -
::1 - - [05/Sep/2018:21:18:59 +0700] "GET /dist/img/user3-128x128.jpg HTTP/1.1" 304 -
::1 - - [05/Sep/2018:21:20:23 +0700] "GET / HTTP/1.1" 200 49763
::1 - - [05/Sep/2018:21:22:23 +0700] "GET /Data_test HTTP/1.1" 404 1079
::1 - - [05/Sep/2018:21:22:29 +0700] "GET /admin/Data_test HTTP/1.1" 404 1079
::1 - - [05/Sep/2018:21:22:32 +0700] "GET /admin/Data_test HTTP/1.1" 404 1079
::1 - - [05/Sep/2018:21:36:36 +0700] "GET / HTTP/1.1" 200 49763
::1 - - [05/Sep/2018:21:36:37 +0700] "GET /favicon.ico HTTP/1.1" 404 1130
::1 - - [05/Sep/2018:21:36:46 +0700] "GET /admin/Data_table HTTP/1.1" 404 1130
::1 - - [05/Sep/2018:21:38:37 +0700] "GET /admin/Data_test HTTP/1.1" 500 536
::1 - - [05/Sep/2018:21:38:59 +0700] "GET /admin/Data_test HTTP/1.1" 200 49763
::1 - - [05/Sep/2018:21:38:59 +0700] "GET /admin/bower_components/font-awesome/css/font-awesome.min.css HTTP/1.1" 404 1130
::1 - - [05/Sep/2018:21:38:59 +0700] "GET /admin/bower_components/Ionicons/css/ionicons.min.css HTTP/1.1" 404 1130
::1 - - [05/Sep/2018:21:38:59 +0700] "GET /admin/bower_components/bootstrap/dist/css/bootstrap.min.css HTTP/1.1" 404 1130
::1 - - [05/Sep/2018:21:38:59 +0700] "GET /admin/dist/css/skins/_all-skins.min.css HTTP/1.1" 404 1130
::1 - - [05/Sep/2018:21:38:59 +0700] "GET /admin/dist/css/AdminLTE.min.css HTTP/1.1" 404 1130
::1 - - [05/Sep/2018:21:38:59 +0700] "GET /admin/bower_components/jvectormap/jquery-jvectormap.css HTTP/1.1" 404 1130
::1 - - [05/Sep/2018:21:38:59 +0700] "GET /admin/bower_components/bootstrap/dist/js/bootstrap.min.js HTTP/1.1" 404 1130
::1 - - [05/Sep/2018:21:38:59 +0700] "GET /admin/bower_components/fastclick/lib/fastclick.js HTTP/1.1" 404 1130
::1 - - [05/Sep/2018:21:38:59 +0700] "GET /admin/dist/img/user2-160x160.jpg HTTP/1.1" 404 1130
::1 - - [05/Sep/2018:21:38:59 +0700] "GET /admin/dist/img/user3-128x128.jpg HTTP/1.1" 404 1130
::1 - - [05/Sep/2018:21:38:59 +0700] "GET /admin/bower_components/jquery/dist/jquery.min.js HTTP/1.1" 404 1130
::1 - - [05/Sep/2018:21:38:59 +0700] "GET /admin/bower_components/jquery-sparkline/dist/jquery.sparkline.min.js HTTP/1.1" 404 1130
::1 - - [05/Sep/2018:21:38:59 +0700] "GET /admin/plugins/jvectormap/jquery-jvectormap-1.2.2.min.js HTTP/1.1" 404 1130
::1 - - [05/Sep/2018:21:38:59 +0700] "GET /admin/dist/js/adminlte.min.js HTTP/1.1" 404 1130
::1 - - [05/Sep/2018:21:38:59 +0700] "GET /admin/bower_components/jquery-slimscroll/jquery.slimscroll.min.js HTTP/1.1" 404 1130
::1 - - [05/Sep/2018:21:38:59 +0700] "GET /admin/dist/js/pages/dashboard2.js HTTP/1.1" 404 1130
::1 - - [05/Sep/2018:21:38:59 +0700] "GET /admin/dist/img/user4-128x128.jpg HTTP/1.1" 404 1130
::1 - - [05/Sep/2018:21:38:59 +0700] "GET /admin/bower_components/chart.js/Chart.js HTTP/1.1" 404 1130
::1 - - [05/Sep/2018:21:38:59 +0700] "GET /admin/dist/js/demo.js HTTP/1.1" 404 1130
::1 - - [05/Sep/2018:21:38:59 +0700] "GET /admin/plugins/jvectormap/jquery-jvectormap-world-mill-en.js HTTP/1.1" 404 1130
::1 - - [05/Sep/2018:21:38:59 +0700] "GET /admin/bower_components/bootstrap/dist/js/bootstrap.min.js HTTP/1.1" 404 1130
::1 - - [05/Sep/2018:21:39:00 +0700] "GET /admin/bower_components/fastclick/lib/fastclick.js HTTP/1.1" 404 1130
::1 - - [05/Sep/2018:21:39:00 +0700] "GET /admin/dist/js/adminlte.min.js HTTP/1.1" 404 1130
::1 - - [05/Sep/2018:21:39:00 +0700] "GET /admin/bower_components/jquery-sparkline/dist/jquery.sparkline.min.js HTTP/1.1" 404 1130
::1 - - [05/Sep/2018:21:39:00 +0700] "GET /admin/plugins/jvectormap/jquery-jvectormap-1.2.2.min.js HTTP/1.1" 404 1130
::1 - - [05/Sep/2018:21:39:00 +0700] "GET /admin/plugins/jvectormap/jquery-jvectormap-world-mill-en.js HTTP/1.1" 404 1130
::1 - - [05/Sep/2018:21:39:00 +0700] "GET /admin/bower_components/jquery-slimscroll/jquery.slimscroll.min.js HTTP/1.1" 404 1130
::1 - - [05/Sep/2018:21:39:00 +0700] "GET /admin/bower_components/chart.js/Chart.js HTTP/1.1" 404 1130
::1 - - [05/Sep/2018:21:39:00 +0700] "GET /admin/dist/js/pages/dashboard2.js HTTP/1.1" 404 1130
::1 - - [05/Sep/2018:21:39:00 +0700] "GET /admin/dist/js/demo.js HTTP/1.1" 404 1130
::1 - - [05/Sep/2018:21:40:51 +0700] "GET /admin/Data_Barchart HTTP/1.1" 404 1130
::1 - - [05/Sep/2018:21:41:57 +0700] "GET /admin/Data_Barchart HTTP/1.1" 200 32739
::1 - - [05/Sep/2018:21:41:57 +0700] "GET /admin/bower_components/bootstrap/dist/css/bootstrap.min.css HTTP/1.1" 404 1130
::1 - - [05/Sep/2018:21:41:57 +0700] "GET /admin/bower_components/jvectormap/jquery-jvectormap.css HTTP/1.1" 404 1130
::1 - - [05/Sep/2018:21:41:57 +0700] "GET /admin/dist/css/AdminLTE.min.css HTTP/1.1" 404 1130
::1 - - [05/Sep/2018:21:41:57 +0700] "GET /admin/bower_components/font-awesome/css/font-awesome.min.css HTTP/1.1" 404 1130
::1 - - [05/Sep/2018:21:41:57 +0700] "GET /admin/bower_components/Ionicons/css/ionicons.min.css HTTP/1.1" 404 1130
::1 - - [05/Sep/2018:21:41:57 +0700] "GET /admin/dist/css/skins/_all-skins.min.css HTTP/1.1" 404 1130
::1 - - [05/Sep/2018:21:41:57 +0700] "GET /admin/dist/js/adminlte.min.js HTTP/1.1" 404 1130
::1 - - [05/Sep/2018:21:41:57 +0700] "GET /admin/bower_components/bootstrap/dist/js/bootstrap.min.js HTTP/1.1" 404 1130
::1 - - [05/Sep/2018:21:41:57 +0700] "GET /admin/bower_components/fastclick/lib/fastclick.js HTTP/1.1" 404 1130
::1 - - [05/Sep/2018:21:41:57 +0700] "GET /admin/dist/img/user3-128x128.jpg HTTP/1.1" 404 1130
::1 - - [05/Sep/2018:21:41:57 +0700] "GET /admin/bower_components/jquery/dist/jquery.min.js HTTP/1.1" 404 1130
::1 - - [05/Sep/2018:21:41:57 +0700] "GET /admin/dist/img/user2-160x160.jpg HTTP/1.1" 404 1130
::1 - - [05/Sep/2018:21:41:57 +0700] "GET /admin/dist/img/user4-128x128.jpg HTTP/1.1" 404 1130
::1 - - [05/Sep/2018:21:41:57 +0700] "GET /admin/bower_components/jquery-sparkline/dist/jquery.sparkline.min.js HTTP/1.1" 404 1130
::1 - - [05/Sep/2018:21:41:57 +0700] "GET /admin/plugins/jvectormap/jquery-jvectormap-world-mill-en.js HTTP/1.1" 404 1130
::1 - - [05/Sep/2018:21:41:57 +0700] "GET /admin/bower_components/chart.js/Chart.js HTTP/1.1" 404 1130
::1 - - [05/Sep/2018:21:41:57 +0700] "GET /admin/bower_components/jquery-slimscroll/jquery.slimscroll.min.js HTTP/1.1" 404 1130
::1 - - [05/Sep/2018:21:41:57 +0700] "GET /admin/dist/js/pages/dashboard2.js HTTP/1.1" 404 1130
::1 - - [05/Sep/2018:21:41:57 +0700] "GET /admin/dist/js/demo.js HTTP/1.1" 404 1130
::1 - - [05/Sep/2018:21:41:57 +0700] "GET /admin/bower_components/bootstrap/dist/js/bootstrap.min.js HTTP/1.1" 404 1130
::1 - - [05/Sep/2018:21:41:57 +0700] "GET /admin/plugins/jvectormap/jquery-jvectormap-1.2.2.min.js HTTP/1.1" 404 1130
::1 - - [05/Sep/2018:21:41:57 +0700] "GET /admin/bower_components/fastclick/lib/fastclick.js HTTP/1.1" 404 1130
::1 - - [05/Sep/2018:21:41:57 +0700] "GET /admin/dist/js/adminlte.min.js HTTP/1.1" 404 1130
::1 - - [05/Sep/2018:21:41:57 +0700] "GET /admin/bower_components/jquery-sparkline/dist/jquery.sparkline.min.js HTTP/1.1" 404 1130
::1 - - [05/Sep/2018:21:41:57 +0700] "GET /admin/plugins/jvectormap/jquery-jvectormap-1.2.2.min.js HTTP/1.1" 404 1130
::1 - - [05/Sep/2018:21:41:57 +0700] "GET /admin/plugins/jvectormap/jquery-jvectormap-world-mill-en.js HTTP/1.1" 404 1130
::1 - - [05/Sep/2018:21:41:57 +0700] "GET /admin/bower_components/jquery-slimscroll/jquery.slimscroll.min.js HTTP/1.1" 404 1130
::1 - - [05/Sep/2018:21:41:57 +0700] "GET /admin/bower_components/chart.js/Chart.js HTTP/1.1" 404 1130
::1 - - [05/Sep/2018:21:41:57 +0700] "GET /admin/dist/js/pages/dashboard2.js HTTP/1.1" 404 1130
::1 - - [05/Sep/2018:21:41:57 +0700] "GET /admin/dist/js/demo.js HTTP/1.1" 404 1130
::1 - - [05/Sep/2018:21:42:20 +0700] "GET / HTTP/1.1" 200 49763
::1 - - [05/Sep/2018:21:42:21 +0700] "GET /bower_components/bootstrap/dist/css/bootstrap.min.css.map HTTP/1.1" 200 542194
::1 - - [05/Sep/2018:21:42:37 +0700] "GET /application/views/admin/barchart.php HTTP/1.1" 200 10394
::1 - - [05/Sep/2018:21:42:42 +0700] "GET /pages/F5/Chart.html HTTP/1.1" 404 1130
::1 - - [05/Sep/2018:21:42:45 +0700] "GET /application/views/admin/barchart.php HTTP/1.1" 200 10394
::1 - - [05/Sep/2018:21:47:56 +0700] "GET /application/views/admin/barchart.php HTTP/1.1" 200 10394
::1 - - [05/Sep/2018:22:27:21 +0700] "GET /application/views/admin/barchart.php HTTP/1.1" 200 10394
::1 - - [06/Sep/2018:09:50:40 +0700] "GET / HTTP/1.1" 200 49763
::1 - - [06/Sep/2018:09:50:40 +0700] "GET /bower_components/bootstrap/dist/css/bootstrap.min.css HTTP/1.1" 304 -
::1 - - [06/Sep/2018:09:50:40 +0700] "GET /bower_components/font-awesome/css/font-awesome.min.css HTTP/1.1" 304 -
::1 - - [06/Sep/2018:09:50:40 +0700] "GET /bower_components/Ionicons/css/ionicons.min.css HTTP/1.1" 304 -
::1 - - [06/Sep/2018:09:50:40 +0700] "GET /bower_components/jvectormap/jquery-jvectormap.css HTTP/1.1" 304 -
::1 - - [06/Sep/2018:09:50:40 +0700] "GET /dist/css/AdminLTE.min.css HTTP/1.1" 304 -
::1 - - [06/Sep/2018:09:50:40 +0700] "GET /dist/css/skins/_all-skins.min.css HTTP/1.1" 304 -
::1 - - [06/Sep/2018:09:50:40 +0700] "GET /dist/js/adminlte.min.js HTTP/1.1" 304 -
::1 - - [06/Sep/2018:09:50:40 +0700] "GET /dist/img/user2-160x160.jpg HTTP/1.1" 304 -
::1 - - [06/Sep/2018:09:50:40 +0700] "GET /dist/img/user3-128x128.jpg HTTP/1.1" 304 -
::1 - - [06/Sep/2018:09:50:40 +0700] "GET /plugins/jvectormap/jquery-jvectormap-1.2.2.min.js HTTP/1.1" 304 -
::1 - - [06/Sep/2018:09:50:40 +0700] "GET /dist/img/user4-128x128.jpg HTTP/1.1" 304 -
::1 - - [06/Sep/2018:09:50:40 +0700] "GET /bower_components/jquery/dist/jquery.min.js HTTP/1.1" 304 -
::1 - - [06/Sep/2018:09:50:40 +0700] "GET /bower_components/fastclick/lib/fastclick.js HTTP/1.1" 304 -
::1 - - [06/Sep/2018:09:50:40 +0700] "GET /dist/js/pages/dashboard2.js HTTP/1.1" 304 -
::1 - - [06/Sep/2018:09:50:40 +0700] "GET /dist/js/demo.js HTTP/1.1" 304 -
::1 - - [06/Sep/2018:09:50:40 +0700] "GET /bower_components/chart.js/Chart.js HTTP/1.1" 304 -
::1 - - [06/Sep/2018:09:50:40 +0700] "GET /bower_components/bootstrap/dist/js/bootstrap.min.js HTTP/1.1" 304 -
::1 - - [06/Sep/2018:09:50:40 +0700] "GET /bower_components/jquery-sparkline/dist/jquery.sparkline.min.js HTTP/1.1" 304 -
::1 - - [06/Sep/2018:09:50:40 +0700] "GET /bower_components/jquery-slimscroll/jquery.slimscroll.min.js HTTP/1.1" 304 -
::1 - - [06/Sep/2018:09:50:40 +0700] "GET /plugins/jvectormap/jquery-jvectormap-world-mill-en.js HTTP/1.1" 304 -
::1 - - [06/Sep/2018:09:50:43 +0700] "GET /application/views/admin/barchart.php HTTP/1.1" 200 11632
::1 - - [06/Sep/2018:09:50:43 +0700] "GET /application/views/admin/bower_components/jquery/dist/jquery.min.js HTTP/1.1" 404 1130
::1 - - [06/Sep/2018:09:50:43 +0700] "GET /application/views/admin/dist/js/adminlte.min.js HTTP/1.1" 404 1130
::1 - - [06/Sep/2018:09:50:43 +0700] "GET /application/views/admin/plugins/jvectormap/jquery-jvectormap-1.2.2.min.js HTTP/1.1" 404 1130
::1 - - [06/Sep/2018:09:50:43 +0700] "GET /application/views/admin/bower_components/fastclick/lib/fastclick.js HTTP/1.1" 404 1130
::1 - - [06/Sep/2018:09:50:43 +0700] "GET /application/views/admin/bower_components/bootstrap/dist/js/bootstrap.min.js HTTP/1.1" 404 1130
::1 - - [06/Sep/2018:09:50:44 +0700] "GET /application/views/admin/plugins/jvectormap/jquery-jvectormap-world-mill-en.js HTTP/1.1" 404 1130
::1 - - [06/Sep/2018:09:50:43 +0700] "GET /application/views/admin/bower_components/jquery-sparkline/dist/jquery.sparkline.min.js HTTP/1.1" 404 1130
::1 - - [06/Sep/2018:09:50:44 +0700] "GET /application/views/admin/dist/js/pages/dashboard2.js HTTP/1.1" 404 1130
::1 - - [06/Sep/2018:09:50:44 +0700] "GET /application/views/admin/dist/js/demo.js HTTP/1.1" 404 1130
::1 - - [06/Sep/2018:09:50:44 +0700] "GET /application/views/admin/bower_components/jquery-slimscroll/jquery.slimscroll.min.js HTTP/1.1" 404 1130
::1 - - [06/Sep/2018:09:50:44 +0700] "GET /application/views/admin/bower_components/fastclick/lib/fastclick.js HTTP/1.1" 404 1130
::1 - - [06/Sep/2018:09:50:44 +0700] "GET /application/views/admin/bower_components/chart.js/Chart.js HTTP/1.1" 404 1130
::1 - - [06/Sep/2018:09:50:44 +0700] "GET /application/views/admin/dist/js/adminlte.min.js HTTP/1.1" 404 1130
::1 - - [06/Sep/2018:09:50:44 +0700] "GET /application/views/admin/bower_components/jquery-sparkline/dist/jquery.sparkline.min.js HTTP/1.1" 404 1130
::1 - - [06/Sep/2018:09:50:44 +0700] "GET /application/views/admin/plugins/jvectormap/jquery-jvectormap-1.2.2.min.js HTTP/1.1" 404 1130
::1 - - [06/Sep/2018:09:50:44 +0700] "GET /application/views/admin/plugins/jvectormap/jquery-jvectormap-world-mill-en.js HTTP/1.1" 404 1130
::1 - - [06/Sep/2018:09:50:44 +0700] "GET /application/views/admin/bower_components/jquery-slimscroll/jquery.slimscroll.min.js HTTP/1.1" 404 1130
::1 - - [06/Sep/2018:09:50:44 +0700] "GET /application/views/admin/bower_components/chart.js/Chart.js HTTP/1.1" 404 1130
::1 - - [06/Sep/2018:09:50:44 +0700] "GET /application/views/admin/dist/js/pages/dashboard2.js HTTP/1.1" 404 1130
::1 - - [06/Sep/2018:09:50:44 +0700] "GET /application/views/admin/dist/js/demo.js HTTP/1.1" 404 1130
::1 - - [06/Sep/2018:10:03:53 +0700] "GET / HTTP/1.1" 200 49763
::1 - - [06/Sep/2018:10:03:53 +0700] "GET /bower_components/bootstrap/dist/css/bootstrap.min.css HTTP/1.1" 304 -
::1 - - [06/Sep/2018:10:03:53 +0700] "GET /bower_components/font-awesome/css/font-awesome.min.css HTTP/1.1" 304 -
::1 - - [06/Sep/2018:10:03:53 +0700] "GET /bower_components/Ionicons/css/ionicons.min.css HTTP/1.1" 304 -
::1 - - [06/Sep/2018:10:03:53 +0700] "GET /bower_components/jvectormap/jquery-jvectormap.css HTTP/1.1" 304 -
::1 - - [06/Sep/2018:10:03:53 +0700] "GET /dist/css/AdminLTE.min.css HTTP/1.1" 304 -
::1 - - [06/Sep/2018:10:03:53 +0700] "GET /dist/css/skins/_all-skins.min.css HTTP/1.1" 304 -
::1 - - [06/Sep/2018:10:03:53 +0700] "GET /bower_components/jquery/dist/jquery.min.js HTTP/1.1" 304 -
::1 - - [06/Sep/2018:10:03:53 +0700] "GET /bower_components/bootstrap/dist/js/bootstrap.min.js HTTP/1.1" 304 -
::1 - - [06/Sep/2018:10:03:53 +0700] "GET /bower_components/fastclick/lib/fastclick.js HTTP/1.1" 304 -
::1 - - [06/Sep/2018:10:03:53 +0700] "GET /dist/js/adminlte.min.js HTTP/1.1" 304 -
::1 - - [06/Sep/2018:10:03:53 +0700] "GET /bower_components/jquery-sparkline/dist/jquery.sparkline.min.js HTTP/1.1" 304 -
::1 - - [06/Sep/2018:10:03:53 +0700] "GET /plugins/jvectormap/jquery-jvectormap-1.2.2.min.js HTTP/1.1" 304 -
::1 - - [06/Sep/2018:10:03:53 +0700] "GET /plugins/jvectormap/jquery-jvectormap-world-mill-en.js HTTP/1.1" 304 -
::1 - - [06/Sep/2018:10:03:53 +0700] "GET /bower_components/jquery-slimscroll/jquery.slimscroll.min.js HTTP/1.1" 304 -
::1 - - [06/Sep/2018:10:03:53 +0700] "GET /bower_components/chart.js/Chart.js HTTP/1.1" 304 -
::1 - - [06/Sep/2018:10:03:53 +0700] "GET /dist/js/pages/dashboard2.js HTTP/1.1" 304 -
::1 - - [06/Sep/2018:10:03:53 +0700] "GET /dist/js/demo.js HTTP/1.1" 304 -
::1 - - [06/Sep/2018:10:03:53 +0700] "GET /dist/img/user2-160x160.jpg HTTP/1.1" 304 -
::1 - - [06/Sep/2018:10:03:53 +0700] "GET /dist/img/user3-128x128.jpg HTTP/1.1" 304 -
::1 - - [06/Sep/2018:10:03:53 +0700] "GET /dist/img/user4-128x128.jpg HTTP/1.1" 304 -
::1 - - [06/Sep/2018:10:03:56 +0700] "GET /application/views/admin/barchart.php HTTP/1.1" 200 10943
::1 - - [06/Sep/2018:10:03:56 +0700] "GET /application/views/admin/bower_components/jquery/dist/jquery.min.js HTTP/1.1" 404 1130
::1 - - [06/Sep/2018:10:03:56 +0700] "GET /application/views/admin/bower_components/bootstrap/dist/js/bootstrap.min.js HTTP/1.1" 404 1130
::1 - - [06/Sep/2018:10:03:56 +0700] "GET /application/views/admin/bower_components/fastclick/lib/fastclick.js HTTP/1.1" 404 1130
::1 - - [06/Sep/2018:10:03:56 +0700] "GET /application/views/admin/bower_components/jquery-sparkline/dist/jquery.sparkline.min.js HTTP/1.1" 404 1130
::1 - - [06/Sep/2018:10:03:56 +0700] "GET /application/views/admin/dist/js/adminlte.min.js HTTP/1.1" 404 1130
::1 - - [06/Sep/2018:10:03:56 +0700] "GET /application/views/admin/bower_components/jquery-sparkline/dist/jquery.sparkline.min.js HTTP/1.1" 404 1130
::1 - - [06/Sep/2018:10:12:31 +0700] "GET / HTTP/1.1" 200 49763
::1 - - [06/Sep/2018:10:12:31 +0700] "GET /bower_components/bootstrap/dist/css/bootstrap.min.css HTTP/1.1" 304 -
::1 - - [06/Sep/2018:10:12:31 +0700] "GET /bower_components/font-awesome/css/font-awesome.min.css HTTP/1.1" 304 -
::1 - - [06/Sep/2018:10:12:31 +0700] "GET /bower_components/Ionicons/css/ionicons.min.css HTTP/1.1" 304 -
::1 - - [06/Sep/2018:10:12:31 +0700] "GET /bower_components/jvectormap/jquery-jvectormap.css HTTP/1.1" 304 -
::1 - - [06/Sep/2018:10:12:31 +0700] "GET /dist/css/AdminLTE.min.css HTTP/1.1" 304 -
::1 - - [06/Sep/2018:10:12:31 +0700] "GET /dist/css/skins/_all-skins.min.css HTTP/1.1" 304 -
::1 - - [06/Sep/2018:10:12:31 +0700] "GET /bower_components/jquery/dist/jquery.min.js HTTP/1.1" 304 -
::1 - - [06/Sep/2018:10:12:31 +0700] "GET /bower_components/bootstrap/dist/js/bootstrap.min.js HTTP/1.1" 304 -
::1 - - [06/Sep/2018:10:12:31 +0700] "GET /bower_components/fastclick/lib/fastclick.js HTTP/1.1" 304 -
::1 - - [06/Sep/2018:10:12:31 +0700] "GET /dist/js/adminlte.min.js HTTP/1.1" 304 -
::1 - - [06/Sep/2018:10:12:31 +0700] "GET /bower_components/jquery-sparkline/dist/jquery.sparkline.min.js HTTP/1.1" 304 -
::1 - - [06/Sep/2018:10:12:31 +0700] "GET /dist/img/user2-160x160.jpg HTTP/1.1" 304 -
::1 - - [06/Sep/2018:10:12:31 +0700] "GET /dist/img/user3-128x128.jpg HTTP/1.1" 304 -
::1 - - [06/Sep/2018:10:12:31 +0700] "GET /dist/img/user4-128x128.jpg HTTP/1.1" 304 -
::1 - - [06/Sep/2018:10:12:31 +0700] "GET /plugins/jvectormap/jquery-jvectormap-1.2.2.min.js HTTP/1.1" 304 -
::1 - - [06/Sep/2018:10:12:31 +0700] "GET /plugins/jvectormap/jquery-jvectormap-world-mill-en.js HTTP/1.1" 304 -
::1 - - [06/Sep/2018:10:12:31 +0700] "GET /bower_components/jquery-slimscroll/jquery.slimscroll.min.js HTTP/1.1" 304 -
::1 - - [06/Sep/2018:10:12:31 +0700] "GET /bower_components/chart.js/Chart.js HTTP/1.1" 304 -
::1 - - [06/Sep/2018:10:12:32 +0700] "GET /dist/js/pages/dashboard2.js HTTP/1.1" 304 -
::1 - - [06/Sep/2018:10:12:32 +0700] "GET /dist/js/demo.js HTTP/1.1" 304 -
::1 - - [06/Sep/2018:10:12:32 +0700] "GET / HTTP/1.1" 200 49763
::1 - - [06/Sep/2018:10:12:32 +0700] "GET /bower_components/bootstrap/dist/css/bootstrap.min.css HTTP/1.1" 304 -
::1 - - [06/Sep/2018:10:12:32 +0700] "GET /bower_components/font-awesome/css/font-awesome.min.css HTTP/1.1" 304 -
::1 - - [06/Sep/2018:10:12:32 +0700] "GET /bower_components/Ionicons/css/ionicons.min.css HTTP/1.1" 304 -
::1 - - [06/Sep/2018:10:12:32 +0700] "GET /bower_components/jvectormap/jquery-jvectormap.css HTTP/1.1" 304 -
::1 - - [06/Sep/2018:10:12:32 +0700] "GET /dist/css/AdminLTE.min.css HTTP/1.1" 304 -
::1 - - [06/Sep/2018:10:12:32 +0700] "GET /dist/css/skins/_all-skins.min.css HTTP/1.1" 304 -
::1 - - [06/Sep/2018:10:12:32 +0700] "GET /bower_components/jquery/dist/jquery.min.js HTTP/1.1" 304 -
::1 - - [06/Sep/2018:10:12:32 +0700] "GET /bower_components/bootstrap/dist/js/bootstrap.min.js HTTP/1.1" 304 -
::1 - - [06/Sep/2018:10:12:32 +0700] "GET /bower_components/fastclick/lib/fastclick.js HTTP/1.1" 304 -
::1 - - [06/Sep/2018:10:12:32 +0700] "GET /dist/js/adminlte.min.js HTTP/1.1" 304 -
::1 - - [06/Sep/2018:10:12:32 +0700] "GET /bower_components/jquery-sparkline/dist/jquery.sparkline.min.js HTTP/1.1" 304 -
::1 - - [06/Sep/2018:10:12:32 +0700] "GET /plugins/jvectormap/jquery-jvectormap-1.2.2.min.js HTTP/1.1" 304 -
::1 - - [06/Sep/2018:10:12:32 +0700] "GET /plugins/jvectormap/jquery-jvectormap-world-mill-en.js HTTP/1.1" 304 -
::1 - - [06/Sep/2018:10:12:32 +0700] "GET /bower_components/jquery-slimscroll/jquery.slimscroll.min.js HTTP/1.1" 304 -
::1 - - [06/Sep/2018:10:12:32 +0700] "GET /bower_components/chart.js/Chart.js HTTP/1.1" 304 -
::1 - - [06/Sep/2018:10:12:32 +0700] "GET /dist/js/pages/dashboard2.js HTTP/1.1" 304 -
::1 - - [06/Sep/2018:10:12:32 +0700] "GET /dist/js/demo.js HTTP/1.1" 304 -
::1 - - [06/Sep/2018:10:12:32 +0700] "GET /dist/img/user2-160x160.jpg HTTP/1.1" 304 -
::1 - - [06/Sep/2018:10:12:32 +0700] "GET /dist/img/user3-128x128.jpg HTTP/1.1" 304 -
::1 - - [06/Sep/2018:10:12:32 +0700] "GET /dist/img/user4-128x128.jpg HTTP/1.1" 304 -
::1 - - [06/Sep/2018:10:12:32 +0700] "GET / HTTP/1.1" 200 49763
::1 - - [06/Sep/2018:10:12:32 +0700] "GET /bower_components/bootstrap/dist/css/bootstrap.min.css HTTP/1.1" 304 -
::1 - - [06/Sep/2018:10:12:32 +0700] "GET /bower_components/font-awesome/css/font-awesome.min.css HTTP/1.1" 304 -
::1 - - [06/Sep/2018:10:12:32 +0700] "GET /bower_components/Ionicons/css/ionicons.min.css HTTP/1.1" 304 -
::1 - - [06/Sep/2018:10:12:32 +0700] "GET /bower_components/jvectormap/jquery-jvectormap.css HTTP/1.1" 304 -
::1 - - [06/Sep/2018:10:12:32 +0700] "GET /dist/css/AdminLTE.min.css HTTP/1.1" 304 -
::1 - - [06/Sep/2018:10:12:32 +0700] "GET /bower_components/jquery/dist/jquery.min.js HTTP/1.1" 304 -
::1 - - [06/Sep/2018:10:12:32 +0700] "GET /dist/css/skins/_all-skins.min.css HTTP/1.1" 304 -
::1 - - [06/Sep/2018:10:12:32 +0700] "GET /bower_components/bootstrap/dist/js/bootstrap.min.js HTTP/1.1" 304 -
::1 - - [06/Sep/2018:10:12:32 +0700] "GET /bower_components/fastclick/lib/fastclick.js HTTP/1.1" 304 -
::1 - - [06/Sep/2018:10:12:32 +0700] "GET /dist/js/adminlte.min.js HTTP/1.1" 304 -
::1 - - [06/Sep/2018:10:12:32 +0700] "GET /bower_components/jquery-sparkline/dist/jquery.sparkline.min.js HTTP/1.1" 304 -
::1 - - [06/Sep/2018:10:12:32 +0700] "GET /plugins/jvectormap/jquery-jvectormap-world-mill-en.js HTTP/1.1" 304 -
::1 - - [06/Sep/2018:10:12:32 +0700] "GET /plugins/jvectormap/jquery-jvectormap-1.2.2.min.js HTTP/1.1" 304 -
::1 - - [06/Sep/2018:10:12:32 +0700] "GET /dist/img/user2-160x160.jpg HTTP/1.1" 304 -
::1 - - [06/Sep/2018:10:12:32 +0700] "GET /dist/img/user3-128x128.jpg HTTP/1.1" 304 -
::1 - - [06/Sep/2018:10:12:32 +0700] "GET /dist/js/demo.js HTTP/1.1" 304 -
::1 - - [06/Sep/2018:10:12:32 +0700] "GET /dist/img/user4-128x128.jpg HTTP/1.1" 304 -
::1 - - [06/Sep/2018:10:12:32 +0700] "GET /bower_components/chart.js/Chart.js HTTP/1.1" 304 -
::1 - - [06/Sep/2018:10:12:32 +0700] "GET /bower_components/jquery-slimscroll/jquery.slimscroll.min.js HTTP/1.1" 304 -
::1 - - [06/Sep/2018:10:12:32 +0700] "GET /dist/js/pages/dashboard2.js HTTP/1.1" 304 -
::1 - - [06/Sep/2018:10:12:35 +0700] "GET /application/views/admin/barchart.php HTTP/1.1" 200 10492
::1 - - [06/Sep/2018:10:12:35 +0700] "GET /application/views/admin/bower_components/jquery-sparkline/dist/jquery.sparkline.min.js HTTP/1.1" 404 1130
